  pl0.c
e:\documents\visual studio 2015\projects\pl0_cm5\pl0_cm5\pl0.h : warning C4819: 该文件包含不能在当前代码页(936)中表示的字符。请将该文件保存为 Unicode 格式以防止数据丢失
e:\documents\visual studio 2015\projects\pl0_cm5\pl0_cm5\pl0.c(16): error C2065: “ll”: 未声明的标识符
e:\documents\visual studio 2015\projects\pl0_cm5\pl0_cm5\pl0.c(29): error C2065: “err”: 未声明的标识符
e:\documents\visual studio 2015\projects\pl0_cm5\pl0_cm5\pl0.c(33): error C2065: “ll”: 未声明的标识符
e:\documents\visual studio 2015\projects\pl0_cm5\pl0_cm5\pl0.c(41): error C2065: “ll”: 未声明的标识符
e:\documents\visual studio 2015\projects\pl0_cm5\pl0_cm5\pl0.c(46): error C2065: “ll”: 未声明的标识符
e:\documents\visual studio 2015\projects\pl0_cm5\pl0_cm5\pl0.c(47): error C2065: “ll”: 未声明的标识符
e:\documents\visual studio 2015\projects\pl0_cm5\pl0_cm5\pl0.c(50): error C2065: “ll”: 未声明的标识符
e:\documents\visual studio 2015\projects\pl0_cm5\pl0_cm5\pl0.c(51): error C2065: “ll”: 未声明的标识符
e:\documents\visual studio 2015\projects\pl0_cm5\pl0_cm5\pl0.c(66): error C2065: “ll”: 未声明的标识符
e:\documents\visual studio 2015\projects\pl0_cm5\pl0_cm5\pl0.c(175): error C2065: “a”: 未声明的标识符
e:\documents\visual studio 2015\projects\pl0_cm5\pl0_cm5\pl0.c(175): error C2109: 下标要求数组或指针类型
e:\documents\visual studio 2015\projects\pl0_cm5\pl0_cm5\pl0.c(191): error C2065: “a”: 未声明的标识符
e:\documents\visual studio 2015\projects\pl0_cm5\pl0_cm5\pl0.c(191): error C2109: 下标要求数组或指针类型
e:\documents\visual studio 2015\projects\pl0_cm5\pl0_cm5\pl0.c(194): error C2065: “a”: 未声明的标识符
e:\documents\visual studio 2015\projects\pl0_cm5\pl0_cm5\pl0.c(194): warning C4047: “函数”:“const char *”与“int”的间接级别不同
e:\documents\visual studio 2015\projects\pl0_cm5\pl0_cm5\pl0.c(194): warning C4024: “strcpy”: 形参和实参 2 的类型不同
e:\documents\visual studio 2015\projects\pl0_cm5\pl0_cm5\pl0.c(329): error C2065: “cx”: 未声明的标识符
e:\documents\visual studio 2015\projects\pl0_cm5\pl0_cm5\pl0.c(334): error C2065: “cx”: 未声明的标识符
e:\documents\visual studio 2015\projects\pl0_cm5\pl0_cm5\pl0.c(335): error C2065: “cx”: 未声明的标识符
e:\documents\visual studio 2015\projects\pl0_cm5\pl0_cm5\pl0.c(336): error C2065: “cx”: 未声明的标识符
e:\documents\visual studio 2015\projects\pl0_cm5\pl0_cm5\pl0.c(337): error C2065: “cx”: 未声明的标识符
e:\documents\visual studio 2015\projects\pl0_cm5\pl0_cm5\pl0.c(404): error C2065: “amax”: 未声明的标识符
e:\documents\visual studio 2015\projects\pl0_cm5\pl0_cm5\pl0.c(413): error C2039: “para_num”: 不是“Record”的成员
  e:\documents\visual studio 2015\projects\pl0_cm5\pl0_cm5\pl0.h(150): note: 参见“Record”的声明
e:\documents\visual studio 2015\projects\pl0_cm5\pl0_cm5\pl0.c(423): error C2039: “para_num”: 不是“Record”的成员
  e:\documents\visual studio 2015\projects\pl0_cm5\pl0_cm5\pl0.h(150): note: 参见“Record”的声明
e:\documents\visual studio 2015\projects\pl0_cm5\pl0_cm5\pl0.c(431): error C2039: “para_num”: 不是“Record”的成员
  e:\documents\visual studio 2015\projects\pl0_cm5\pl0_cm5\pl0.h(150): note: 参见“Record”的声明
e:\documents\visual studio 2015\projects\pl0_cm5\pl0_cm5\pl0.c(439): error C2039: “para_num”: 不是“Record”的成员
  e:\documents\visual studio 2015\projects\pl0_cm5\pl0_cm5\pl0.h(150): note: 参见“Record”的声明
e:\documents\visual studio 2015\projects\pl0_cm5\pl0_cm5\pl0.c(447): error C2039: “size”: 不是“TypeRecord”的成员
  e:\documents\visual studio 2015\projects\pl0_cm5\pl0_cm5\pl0.h(138): note: 参见“TypeRecord”的声明
e:\documents\visual studio 2015\projects\pl0_cm5\pl0_cm5\pl0.c(502): error C2065: “cx”: 未声明的标识符
e:\documents\visual studio 2015\projects\pl0_cm5\pl0_cm5\pl0.c(607): error C2039: “para_num”: 不是“Record”的成员
  e:\documents\visual studio 2015\projects\pl0_cm5\pl0_cm5\pl0.h(150): note: 参见“Record”的声明
e:\documents\visual studio 2015\projects\pl0_cm5\pl0_cm5\pl0.c(607): error C2198: “gen”: 用于调用的参数太少
e:\documents\visual studio 2015\projects\pl0_cm5\pl0_cm5\pl0.c(609): error C2065: “ppa”: 未声明的标识符
e:\documents\visual studio 2015\projects\pl0_cm5\pl0_cm5\pl0.c(610): error C2039: “para_num”: 不是“Record”的成员
  e:\documents\visual studio 2015\projects\pl0_cm5\pl0_cm5\pl0.h(150): note: 参见“Record”的声明
e:\documents\visual studio 2015\projects\pl0_cm5\pl0_cm5\pl0.c(610): error C2198: “gen”: 用于调用的参数太少
e:\documents\visual studio 2015\projects\pl0_cm5\pl0_cm5\pl0.c(635): error C2065: “lda”: 未声明的标识符
e:\documents\visual studio 2015\projects\pl0_cm5\pl0_cm5\pl0.c(660): error C2065: “amax”: 未声明的标识符
e:\documents\visual studio 2015\projects\pl0_cm5\pl0_cm5\pl0.c(739): error C2065: “cx”: 未声明的标识符
e:\documents\visual studio 2015\projects\pl0_cm5\pl0_cm5\pl0.c(741): error C2065: “jp0”: 未声明的标识符
e:\documents\visual studio 2015\projects\pl0_cm5\pl0_cm5\pl0.c(805): error C2065: “cx”: 未声明的标识符
e:\documents\visual studio 2015\projects\pl0_cm5\pl0_cm5\pl0.c(841): error C2065: “cx”: 未声明的标识符
e:\documents\visual studio 2015\projects\pl0_cm5\pl0_cm5\pl0.c(843): error C2065: “jp1”: 未声明的标识符
e:\documents\visual studio 2015\projects\pl0_cm5\pl0_cm5\pl0.c(899): error C2065: “cx”: 未声明的标识符
e:\documents\visual studio 2015\projects\pl0_cm5\pl0_cm5\pl0.c(1140): error C2039: “para_num”: 不是“Record”的成员
  e:\documents\visual studio 2015\projects\pl0_cm5\pl0_cm5\pl0.h(150): note: 参见“Record”的声明
e:\documents\visual studio 2015\projects\pl0_cm5\pl0_cm5\pl0.c(1140): error C2198: “gen”: 用于调用的参数太少
e:\documents\visual studio 2015\projects\pl0_cm5\pl0_cm5\pl0.c(1142): error C2065: “ppa”: 未声明的标识符
e:\documents\visual studio 2015\projects\pl0_cm5\pl0_cm5\pl0.c(1143): error C2039: “para_num”: 不是“Record”的成员
  e:\documents\visual studio 2015\projects\pl0_cm5\pl0_cm5\pl0.h(150): note: 参见“Record”的声明
e:\documents\visual studio 2015\projects\pl0_cm5\pl0_cm5\pl0.c(1143): error C2198: “gen”: 用于调用的参数太少
e:\documents\visual studio 2015\projects\pl0_cm5\pl0_cm5\pl0.c(1172): error C2065: “cx”: 未声明的标识符
e:\documents\visual studio 2015\projects\pl0_cm5\pl0_cm5\pl0.c(1178): error C2065: “cx”: 未声明的标识符
e:\documents\visual studio 2015\projects\pl0_cm5\pl0_cm5\pl0.c(1179): error C2065: “cx”: 未声明的标识符
e:\documents\visual studio 2015\projects\pl0_cm5\pl0_cm5\pl0.c(1183): error C2065: “cx”: 未声明的标识符
e:\documents\visual studio 2015\projects\pl0_cm5\pl0_cm5\pl0.c(1186): error C2065: “cx”: 未声明的标识符
e:\documents\visual studio 2015\projects\pl0_cm5\pl0_cm5\pl0.c(1211): error C2065: “cx”: 未声明的标识符
e:\documents\visual studio 2015\projects\pl0_cm5\pl0_cm5\pl0.c(1217): error C2065: “cx”: 未声明的标识符
e:\documents\visual studio 2015\projects\pl0_cm5\pl0_cm5\pl0.c(1229): error C2065: “cx”: 未声明的标识符
e:\documents\visual studio 2015\projects\pl0_cm5\pl0_cm5\pl0.c(1231): error C2065: “cx”: 未声明的标识符
e:\documents\visual studio 2015\projects\pl0_cm5\pl0_cm5\pl0.c(1247): error C2065: “cx”: 未声明的标识符
e:\documents\visual studio 2015\projects\pl0_cm5\pl0_cm5\pl0.c(1367): error C2039: “para_num”: 不是“Record”的成员
  e:\documents\visual studio 2015\projects\pl0_cm5\pl0_cm5\pl0.h(150): note: 参见“Record”的声明
e:\documents\visual studio 2015\projects\pl0_cm5\pl0_cm5\pl0.c(1373): error C2039: “para_num”: 不是“Record”的成员
  e:\documents\visual studio 2015\projects\pl0_cm5\pl0_cm5\pl0.h(150): note: 参见“Record”的声明
e:\documents\visual studio 2015\projects\pl0_cm5\pl0_cm5\pl0.c(1366): warning C4473: “printf”: 没有为格式字符串传递足够的参数
  e:\documents\visual studio 2015\projects\pl0_cm5\pl0_cm5\pl0.c(1366): note: 占位符和其参数预计 5 可变参数，但提供的却是 4 参数
  e:\documents\visual studio 2015\projects\pl0_cm5\pl0_cm5\pl0.c(1366): note: 缺失的可变参数 5 为格式字符串“%ld”所需
e:\documents\visual studio 2015\projects\pl0_cm5\pl0_cm5\pl0.c(1371): warning C4473: “printf”: 没有为格式字符串传递足够的参数
  e:\documents\visual studio 2015\projects\pl0_cm5\pl0_cm5\pl0.c(1371): note: 占位符和其参数预计 6 可变参数，但提供的却是 5 参数
  e:\documents\visual studio 2015\projects\pl0_cm5\pl0_cm5\pl0.c(1371): note: 缺失的可变参数 6 为格式字符串“%ld”所需
e:\documents\visual studio 2015\projects\pl0_cm5\pl0_cm5\pl0.c(1528): error C2039: “para_num”: 不是“Record”的成员
  e:\documents\visual studio 2015\projects\pl0_cm5\pl0_cm5\pl0.h(150): note: 参见“Record”的声明
e:\documents\visual studio 2015\projects\pl0_cm5\pl0_cm5\pl0.c(1541): error C2039: “para_num”: 不是“Record”的成员
  e:\documents\visual studio 2015\projects\pl0_cm5\pl0_cm5\pl0.h(150): note: 参见“Record”的声明
e:\documents\visual studio 2015\projects\pl0_cm5\pl0_cm5\pl0.c(1542): error C2039: “para_num”: 不是“Record”的成员
  e:\documents\visual studio 2015\projects\pl0_cm5\pl0_cm5\pl0.h(150): note: 参见“Record”的声明
e:\documents\visual studio 2015\projects\pl0_cm5\pl0_cm5\pl0.c(1596): error C2065: “cx”: 未声明的标识符
e:\documents\visual studio 2015\projects\pl0_cm5\pl0_cm5\pl0.c(1698): error C2039: “size”: 不是“TypeRecord”的成员
  e:\documents\visual studio 2015\projects\pl0_cm5\pl0_cm5\pl0.h(138): note: 参见“TypeRecord”的声明
e:\documents\visual studio 2015\projects\pl0_cm5\pl0_cm5\pl0.c(1723): error C2065: “cx”: 未声明的标识符
e:\documents\visual studio 2015\projects\pl0_cm5\pl0_cm5\pl0.c(1724): error C2065: “cx”: 未声明的标识符
e:\documents\visual studio 2015\projects\pl0_cm5\pl0_cm5\pl0.c(1725): error C2065: “cx”: 未声明的标识符
e:\documents\visual studio 2015\projects\pl0_cm5\pl0_cm5\pl0.c(1986): error C2065: “lda”: 未声明的标识符
e:\documents\visual studio 2015\projects\pl0_cm5\pl0_cm5\pl0.c(2017): error C2065: “jp0”: 未声明的标识符
e:\documents\visual studio 2015\projects\pl0_cm5\pl0_cm5\pl0.c(2023): error C2065: “jp1”: 未声明的标识符
e:\documents\visual studio 2015\projects\pl0_cm5\pl0_cm5\pl0.c(2038): error C2065: “ppa”: 未声明的标识符
e:\documents\visual studio 2015\projects\pl0_cm5\pl0_cm5\pl0.c(1986): error C2051: case 表达式不是常量
e:\documents\visual studio 2015\projects\pl0_cm5\pl0_cm5\pl0.c(2017): error C2051: case 表达式不是常量
e:\documents\visual studio 2015\projects\pl0_cm5\pl0_cm5\pl0.c(2023): error C2051: case 表达式不是常量
e:\documents\visual studio 2015\projects\pl0_cm5\pl0_cm5\pl0.c(2038): error C2051: case 表达式不是常量
e:\documents\visual studio 2015\projects\pl0_cm5\pl0_cm5\pl0.c(2158): error C2065: “jp0”: 未声明的标识符
e:\documents\visual studio 2015\projects\pl0_cm5\pl0_cm5\pl0.c(2159): error C2065: “jp1”: 未声明的标识符
e:\documents\visual studio 2015\projects\pl0_cm5\pl0_cm5\pl0.c(2161): error C2065: “lda”: 未声明的标识符
e:\documents\visual studio 2015\projects\pl0_cm5\pl0_cm5\pl0.c(2163): error C2065: “ppa”: 未声明的标识符
e:\documents\visual studio 2015\projects\pl0_cm5\pl0_cm5\pl0.c(2173): error C2065: “err”: 未声明的标识符
e:\documents\visual studio 2015\projects\pl0_cm5\pl0_cm5\pl0.c(2175): error C2065: “cx”: 未声明的标识符
e:\documents\visual studio 2015\projects\pl0_cm5\pl0_cm5\pl0.c(2176): error C2065: “ll”: 未声明的标识符
e:\documents\visual studio 2015\projects\pl0_cm5\pl0_cm5\pl0.c(2185): error C2039: “size”: 不是“TypeRecord”的成员
  e:\documents\visual studio 2015\projects\pl0_cm5\pl0_cm5\pl0.h(138): note: 参见“TypeRecord”的声明
e:\documents\visual studio 2015\projects\pl0_cm5\pl0_cm5\pl0.c(2188): error C2039: “size”: 不是“TypeRecord”的成员
  e:\documents\visual studio 2015\projects\pl0_cm5\pl0_cm5\pl0.h(138): note: 参见“TypeRecord”的声明
e:\documents\visual studio 2015\projects\pl0_cm5\pl0_cm5\pl0.c(2191): error C2039: “size”: 不是“TypeRecord”的成员
  e:\documents\visual studio 2015\projects\pl0_cm5\pl0_cm5\pl0.h(138): note: 参见“TypeRecord”的声明
e:\documents\visual studio 2015\projects\pl0_cm5\pl0_cm5\pl0.c(2214): error C2065: “cx”: 未声明的标识符
e:\documents\visual studio 2015\projects\pl0_cm5\pl0_cm5\pl0.c(2220): error C2065: “err”: 未声明的标识符
e:\documents\visual studio 2015\projects\pl0_cm5\pl0_cm5\pl0.c(2224): error C2065: “err”: 未声明的标识符
